# JRE version: Java(TM) SE Runtime Environment (8.0_202-b08) (build 1.8.0_202-b08)
# Java VM: Java HotSpot(TM) 64-Bit Server VM (25.202-b08 mixed mode windows-amd64 compressed oops)
Heap:
 PSYoungGen      total 33280K, used 8711K [0x00000000ec500000, 0x00000000f0c00000, 0x0000000100000000)
  eden space 30720K, 20% used [0x00000000ec500000,0x00000000ecb05bf0,0x00000000ee300000)
  from space 2560K, 99% used [0x00000000ee300000,0x00000000ee57c010,0x00000000ee580000)
  to   space 5632K, 0% used [0x00000000f0680000,0x00000000f0680000,0x00000000f0c00000)
 ParOldGen       total 40960K, used 4829K [0x00000000c4e00000, 0x00000000c7600000, 0x00000000ec500000)
  object space 40960K, 11% used [0x00000000c4e00000,0x00000000c52b75e0,0x00000000c7600000)
 Metaspace       used 13915K, capacity 14566K, committed 14848K, reserved 1062912K
  class space    used 1859K, capacity 2005K, committed 2048K, reserved 1048576K
GC Heap History (10 events):
Event: 0.701 GC heap before
{Heap before GC invocations=1 (full 0):
 PSYoungGen      total 17920K, used 15360K [0x00000000ec500000, 0x00000000ed900000, 0x0000000100000000)
  eden space 15360K, 100% used [0x00000000ec500000,0x00000000ed400000,0x00000000ed400000)
  from space 2560K, 0% used [0x00000000ed680000,0x00000000ed680000,0x00000000ed900000)
  to   space 2560K, 0% used [0x00000000ed400000,0x00000000ed400000,0x00000000ed680000)
 ParOldGen       total 40960K, used 0K [0x00000000c4e00000, 0x00000000c7600000, 0x00000000ec500000)
  object space 40960K, 0% used [0x00000000c4e00000,0x00000000c4e00000,0x00000000c7600000)
 Metaspace       used 9342K, capacity 9546K, committed 9728K, reserved 1058816K
  class space    used 1157K, capacity 1248K, committed 1280K, reserved 1048576K
Event: 0.705 GC heap after
Heap after GC invocations=1 (full 0):
 PSYoungGen      total 17920K, used 2531K [0x00000000ec500000, 0x00000000ed900000, 0x0000000100000000)
  eden space 15360K, 0% used [0x00000000ec500000,0x00000000ec500000,0x00000000ed400000)
  from space 2560K, 98% used [0x00000000ed400000,0x00000000ed678d88,0x00000000ed680000)
  to   space 2560K, 0% used [0x00000000ed680000,0x00000000ed680000,0x00000000ed900000)
 ParOldGen       total 40960K, used 519K [0x00000000c4e00000, 0x00000000c7600000, 0x00000000ec500000)
  object space 40960K, 1% used [0x00000000c4e00000,0x00000000c4e81fa0,0x00000000c7600000)
 Metaspace       used 9342K, capacity 9546K, committed 9728K, reserved 1058816K
  class space    used 1157K, capacity 1248K, committed 1280K, reserved 1048576K
}
Event: 0.815 GC heap before
{Heap before GC invocations=2 (full 0):
 PSYoungGen      total 17920K, used 17874K [0x00000000ec500000, 0x00000000ed900000, 0x0000000100000000)
  eden space 15360K, 99% used [0x00000000ec500000,0x00000000ed3fbc28,0x00000000ed400000)
  from space 2560K, 98% used [0x00000000ed400000,0x00000000ed678d88,0x00000000ed680000)
  to   space 2560K, 0% used [0x00000000ed680000,0x00000000ed680000,0x00000000ed900000)
 ParOldGen       total 40960K, used 519K [0x00000000c4e00000, 0x00000000c7600000, 0x00000000ec500000)
  object space 40960K, 1% used [0x00000000c4e00000,0x00000000c4e81fa0,0x00000000c7600000)
 Metaspace       used 10534K, capacity 10848K, committed 11008K, reserved 1058816K
  class space    used 1324K, capacity 1447K, committed 1536K, reserved 1048576K
Event: 0.820 GC heap after
Heap after GC invocations=2 (full 0):
 PSYoungGen      total 17920K, used 2547K [0x00000000ec500000, 0x00000000ee800000, 0x0000000100000000)
  eden space 15360K, 0% used [0x00000000ec500000,0x00000000ec500000,0x00000000ed400000)
  from space 2560K, 99% used [0x00000000ed680000,0x00000000ed8fcd80,0x00000000ed900000)
  to   space 2560K, 0% used [0x00000000ed400000,0x00000000ed400000,0x00000000ed680000)
 ParOldGen       total 40960K, used 1276K [0x00000000c4e00000, 0x00000000c7600000, 0x00000000ec500000)
  object space 40960K, 3% used [0x00000000c4e00000,0x00000000c4f3f0f0,0x00000000c7600000)
 Metaspace       used 10534K, capacity 10848K, committed 11008K, reserved 1058816K
  class space    used 1324K, capacity 1447K, committed 1536K, reserved 1048576K
}
Event: 0.826 GC heap before
{Heap before GC invocations=3 (full 0):
 PSYoungGen      total 17920K, used 17871K [0x00000000ec500000, 0x00000000ee800000, 0x0000000100000000)
  eden space 15360K, 99% used [0x00000000ec500000,0x00000000ed3f6fb0,0x00000000ed400000)
  from space 2560K, 99% used [0x00000000ed680000,0x00000000ed8fcd80,0x00000000ed900000)
  to   space 2560K, 0% used [0x00000000ed400000,0x00000000ed400000,0x00000000ed680000)
 ParOldGen       total 40960K, used 1276K [0x00000000c4e00000, 0x00000000c7600000, 0x00000000ec500000)
  object space 40960K, 3% used [0x00000000c4e00000,0x00000000c4f3f0f0,0x00000000c7600000)
 Metaspace       used 10537K, capacity 10848K, committed 11008K, reserved 1058816K
  class space    used 1324K, capacity 1447K, committed 1536K, reserved 1048576K
Event: 0.829 GC heap after
Heap after GC invocations=3 (full 0):
 PSYoungGen      total 17920K, used 2541K [0x00000000ec500000, 0x00000000ee800000, 0x0000000100000000)
  eden space 15360K, 0% used [0x00000000ec500000,0x00000000ec500000,0x00000000ed400000)
  from space 2560K, 99% used [0x00000000ed400000,0x00000000ed67b588,0x00000000ed680000)
  to   space 2560K, 0% used [0x00000000ee580000,0x00000000ee580000,0x00000000ee800000)
 ParOldGen       total 40960K, used 1316K [0x00000000c4e00000, 0x00000000c7600000, 0x00000000ec500000)
  object space 40960K, 3% used [0x00000000c4e00000,0x00000000c4f490f0,0x00000000c7600000)
 Metaspace       used 10537K, capacity 10848K, committed 11008K, reserved 1058816K
  class space    used 1324K, capacity 1447K, committed 1536K, reserved 1048576K
}
Event: 0.835 GC heap before
{Heap before GC invocations=4 (full 0):
 PSYoungGen      total 17920K, used 17899K [0x00000000ec500000, 0x00000000ee800000, 0x0000000100000000)
  eden space 15360K, 99% used [0x00000000ec500000,0x00000000ed3ff6a8,0x00000000ed400000)
  from space 2560K, 99% used [0x00000000ed400000,0x00000000ed67b588,0x00000000ed680000)
  to   space 2560K, 0% used [0x00000000ee580000,0x00000000ee580000,0x00000000ee800000)
 ParOldGen       total 40960K, used 1316K [0x00000000c4e00000, 0x00000000c7600000, 0x00000000ec500000)
  object space 40960K, 3% used [0x00000000c4e00000,0x00000000c4f490f0,0x00000000c7600000)
 Metaspace       used 10537K, capacity 10848K, committed 11008K, reserved 1058816K
  class space    used 1324K, capacity 1447K, committed 1536K, reserved 1048576K
Event: 0.839 GC heap after
Heap after GC invocations=4 (full 0):
 PSYoungGen      total 33280K, used 2528K [0x00000000ec500000, 0x00000000ee800000, 0x0000000100000000)
  eden space 30720K, 0% used [0x00000000ec500000,0x00000000ec500000,0x00000000ee300000)
  from space 2560K, 98% used [0x00000000ee580000,0x00000000ee7f8018,0x00000000ee800000)
  to   space 2560K, 0% used [0x00000000ee300000,0x00000000ee300000,0x00000000ee580000)
 ParOldGen       total 40960K, used 1444K [0x00000000c4e00000, 0x00000000c7600000, 0x00000000ec500000)
  object space 40960K, 3% used [0x00000000c4e00000,0x00000000c4f690f0,0x00000000c7600000)
 Metaspace       used 10537K, capacity 10848K, committed 11008K, reserved 1058816K
  class space    used 1324K, capacity 1447K, committed 1536K, reserved 1048576K
}
Event: 1.145 GC heap before
{Heap before GC invocations=5 (full 0):
 PSYoungGen      total 33280K, used 33248K [0x00000000ec500000, 0x00000000ee800000, 0x0000000100000000)
  eden space 30720K, 100% used [0x00000000ec500000,0x00000000ee300000,0x00000000ee300000)
  from space 2560K, 98% used [0x00000000ee580000,0x00000000ee7f8018,0x00000000ee800000)
  to   space 2560K, 0% used [0x00000000ee300000,0x00000000ee300000,0x00000000ee580000)
 ParOldGen       total 40960K, used 1444K [0x00000000c4e00000, 0x00000000c7600000, 0x00000000ec500000)
  object space 40960K, 3% used [0x00000000c4e00000,0x00000000c4f690f0,0x00000000c7600000)
 Metaspace       used 13278K, capacity 13910K, committed 13952K, reserved 1060864K
  class space    used 1746K, capacity 1899K, committed 1920K, reserved 1048576K
Event: 1.153 GC heap after
Heap after GC invocations=5 (full 0):
 PSYoungGen      total 33280K, used 2544K [0x00000000ec500000, 0x00000000f0c00000, 0x0000000100000000)
  eden space 30720K, 0% used [0x00000000ec500000,0x00000000ec500000,0x00000000ee300000)
  from space 2560K, 99% used [0x00000000ee300000,0x00000000ee57c010,0x00000000ee580000)
  to   space 5632K, 0% used [0x00000000f0680000,0x00000000f0680000,0x00000000f0c00000)
 ParOldGen       total 40960K, used 4829K [0x00000000c4e00000, 0x00000000c7600000, 0x00000000ec500000)
  object space 40960K, 11% used [0x00000000c4e00000,0x00000000c52b75e0,0x00000000c7600000)
 Metaspace       used 13278K, capacity 13910K, committed 13952K, reserved 1060864K
  class space    used 1746K, capacity 1899K, committed 1920K, reserved 1048576K
}

