# JRE version: Java(TM) SE Runtime Environment (8.0_202-b08) (build 1.8.0_202-b08)
# Java VM: Java HotSpot(TM) 64-Bit Server VM (25.202-b08 mixed mode windows-amd64 compressed oops)
Heap:
 PSYoungGen      total 33280K, used 8537K [0x00000000ec500000, 0x00000000f0b00000, 0x0000000100000000)
  eden space 30720K, 19% used [0x00000000ec500000,0x00000000ecad9dd0,0x00000000ee300000)
  from space 2560K, 99% used [0x00000000ee300000,0x00000000ee57c778,0x00000000ee580000)
  to   space 5120K, 0% used [0x00000000f0600000,0x00000000f0600000,0x00000000f0b00000)
 ParOldGen       total 40960K, used 4617K [0x00000000c4e00000, 0x00000000c7600000, 0x00000000ec500000)
  object space 40960K, 11% used [0x00000000c4e00000,0x00000000c52825d8,0x00000000c7600000)
 Metaspace       used 13749K, capacity 14438K, committed 14592K, reserved 1062912K
  class space    used 1853K, capacity 2005K, committed 2048K, reserved 1048576K
GC Heap History (10 events):
Event: 0.842 GC heap before
{Heap before GC invocations=1 (full 0):
 PSYoungGen      total 17920K, used 15360K [0x00000000ec500000, 0x00000000ed900000, 0x0000000100000000)
  eden space 15360K, 100% used [0x00000000ec500000,0x00000000ed400000,0x00000000ed400000)
  from space 2560K, 0% used [0x00000000ed680000,0x00000000ed680000,0x00000000ed900000)
  to   space 2560K, 0% used [0x00000000ed400000,0x00000000ed400000,0x00000000ed680000)
 ParOldGen       total 40960K, used 0K [0x00000000c4e00000, 0x00000000c7600000, 0x00000000ec500000)
  object space 40960K, 0% used [0x00000000c4e00000,0x00000000c4e00000,0x00000000c7600000)
 Metaspace       used 9340K, capacity 9546K, committed 9728K, reserved 1058816K
  class space    used 1157K, capacity 1248K, committed 1280K, reserved 1048576K
Event: 0.849 GC heap after
Heap after GC invocations=1 (full 0):
 PSYoungGen      total 17920K, used 2556K [0x00000000ec500000, 0x00000000ed900000, 0x0000000100000000)
  eden space 15360K, 0% used [0x00000000ec500000,0x00000000ec500000,0x00000000ed400000)
  from space 2560K, 99% used [0x00000000ed400000,0x00000000ed67f250,0x00000000ed680000)
  to   space 2560K, 0% used [0x00000000ed680000,0x00000000ed680000,0x00000000ed900000)
 ParOldGen       total 40960K, used 489K [0x00000000c4e00000, 0x00000000c7600000, 0x00000000ec500000)
  object space 40960K, 1% used [0x00000000c4e00000,0x00000000c4e7a508,0x00000000c7600000)
 Metaspace       used 9340K, capacity 9546K, committed 9728K, reserved 1058816K
  class space    used 1157K, capacity 1248K, committed 1280K, reserved 1048576K
}
Event: 0.950 GC heap before
{Heap before GC invocations=2 (full 0):
 PSYoungGen      total 17920K, used 17893K [0x00000000ec500000, 0x00000000ed900000, 0x0000000100000000)
  eden space 15360K, 99% used [0x00000000ec500000,0x00000000ed3fa3f8,0x00000000ed400000)
  from space 2560K, 99% used [0x00000000ed400000,0x00000000ed67f250,0x00000000ed680000)
  to   space 2560K, 0% used [0x00000000ed680000,0x00000000ed680000,0x00000000ed900000)
 ParOldGen       total 40960K, used 489K [0x00000000c4e00000, 0x00000000c7600000, 0x00000000ec500000)
  object space 40960K, 1% used [0x00000000c4e00000,0x00000000c4e7a508,0x00000000c7600000)
 Metaspace       used 10080K, capacity 10332K, committed 10624K, reserved 1058816K
  class space    used 1254K, capacity 1359K, committed 1408K, reserved 1048576K
Event: 0.954 GC heap after
Heap after GC invocations=2 (full 0):
 PSYoungGen      total 17920K, used 2551K [0x00000000ec500000, 0x00000000ee800000, 0x0000000100000000)
  eden space 15360K, 0% used [0x00000000ec500000,0x00000000ec500000,0x00000000ed400000)
  from space 2560K, 99% used [0x00000000ed680000,0x00000000ed8fde68,0x00000000ed900000)
  to   space 2560K, 0% used [0x00000000ed400000,0x00000000ed400000,0x00000000ed680000)
 ParOldGen       total 40960K, used 1105K [0x00000000c4e00000, 0x00000000c7600000, 0x00000000ec500000)
  object space 40960K, 2% used [0x00000000c4e00000,0x00000000c4f145d0,0x00000000c7600000)
 Metaspace       used 10080K, capacity 10332K, committed 10624K, reserved 1058816K
  class space    used 1254K, capacity 1359K, committed 1408K, reserved 1048576K
}
Event: 0.961 GC heap before
{Heap before GC invocations=3 (full 0):
 PSYoungGen      total 17920K, used 17905K [0x00000000ec500000, 0x00000000ee800000, 0x0000000100000000)
  eden space 15360K, 99% used [0x00000000ec500000,0x00000000ed3fe770,0x00000000ed400000)
  from space 2560K, 99% used [0x00000000ed680000,0x00000000ed8fde68,0x00000000ed900000)
  to   space 2560K, 0% used [0x00000000ed400000,0x00000000ed400000,0x00000000ed680000)
 ParOldGen       total 40960K, used 1105K [0x00000000c4e00000, 0x00000000c7600000, 0x00000000ec500000)
  object space 40960K, 2% used [0x00000000c4e00000,0x00000000c4f145d0,0x00000000c7600000)
 Metaspace       used 10083K, capacity 10332K, committed 10624K, reserved 1058816K
  class space    used 1254K, capacity 1359K, committed 1408K, reserved 1048576K
Event: 0.964 GC heap after
Heap after GC invocations=3 (full 0):
 PSYoungGen      total 17920K, used 2495K [0x00000000ec500000, 0x00000000ee800000, 0x0000000100000000)
  eden space 15360K, 0% used [0x00000000ec500000,0x00000000ec500000,0x00000000ed400000)
  from space 2560K, 97% used [0x00000000ed400000,0x00000000ed66fd68,0x00000000ed680000)
  to   space 2560K, 0% used [0x00000000ee580000,0x00000000ee580000,0x00000000ee800000)
 ParOldGen       total 40960K, used 1113K [0x00000000c4e00000, 0x00000000c7600000, 0x00000000ec500000)
  object space 40960K, 2% used [0x00000000c4e00000,0x00000000c4f165d0,0x00000000c7600000)
 Metaspace       used 10083K, capacity 10332K, committed 10624K, reserved 1058816K
  class space    used 1254K, capacity 1359K, committed 1408K, reserved 1048576K
}
Event: 0.986 GC heap before
{Heap before GC invocations=4 (full 0):
 PSYoungGen      total 17920K, used 17855K [0x00000000ec500000, 0x00000000ee800000, 0x0000000100000000)
  eden space 15360K, 100% used [0x00000000ec500000,0x00000000ed400000,0x00000000ed400000)
  from space 2560K, 97% used [0x00000000ed400000,0x00000000ed66fd68,0x00000000ed680000)
  to   space 2560K, 0% used [0x00000000ee580000,0x00000000ee580000,0x00000000ee800000)
 ParOldGen       total 40960K, used 1113K [0x00000000c4e00000, 0x00000000c7600000, 0x00000000ec500000)
  object space 40960K, 2% used [0x00000000c4e00000,0x00000000c4f165d0,0x00000000c7600000)
 Metaspace       used 10083K, capacity 10332K, committed 10624K, reserved 1058816K
  class space    used 1254K, capacity 1359K, committed 1408K, reserved 1048576K
Event: 0.991 GC heap after
Heap after GC invocations=4 (full 0):
 PSYoungGen      total 33280K, used 2545K [0x00000000ec500000, 0x00000000ee800000, 0x0000000100000000)
  eden space 30720K, 0% used [0x00000000ec500000,0x00000000ec500000,0x00000000ee300000)
  from space 2560K, 99% used [0x00000000ee580000,0x00000000ee7fc778,0x00000000ee800000)
  to   space 2560K, 0% used [0x00000000ee300000,0x00000000ee300000,0x00000000ee580000)
 ParOldGen       total 40960K, used 1457K [0x00000000c4e00000, 0x00000000c7600000, 0x00000000ec500000)
  object space 40960K, 3% used [0x00000000c4e00000,0x00000000c4f6c6b8,0x00000000c7600000)
 Metaspace       used 10083K, capacity 10332K, committed 10624K, reserved 1058816K
  class space    used 1254K, capacity 1359K, committed 1408K, reserved 1048576K
}
Event: 1.370 GC heap before
{Heap before GC invocations=5 (full 0):
 PSYoungGen      total 33280K, used 33265K [0x00000000ec500000, 0x00000000ee800000, 0x0000000100000000)
  eden space 30720K, 100% used [0x00000000ec500000,0x00000000ee300000,0x00000000ee300000)
  from space 2560K, 99% used [0x00000000ee580000,0x00000000ee7fc778,0x00000000ee800000)
  to   space 2560K, 0% used [0x00000000ee300000,0x00000000ee300000,0x00000000ee580000)
 ParOldGen       total 40960K, used 1457K [0x00000000c4e00000, 0x00000000c7600000, 0x00000000ec500000)
  object space 40960K, 3% used [0x00000000c4e00000,0x00000000c4f6c6b8,0x00000000c7600000)
 Metaspace       used 13218K, capacity 13842K, committed 13952K, reserved 1060864K
  class space    used 1738K, capacity 1897K, committed 1920K, reserved 1048576K
Event: 1.379 GC heap after
Heap after GC invocations=5 (full 0):
 PSYoungGen      total 33280K, used 2545K [0x00000000ec500000, 0x00000000f0b00000, 0x0000000100000000)
  eden space 30720K, 0% used [0x00000000ec500000,0x00000000ec500000,0x00000000ee300000)
  from space 2560K, 99% used [0x00000000ee300000,0x00000000ee57c778,0x00000000ee580000)
  to   space 5120K, 0% used [0x00000000f0600000,0x00000000f0600000,0x00000000f0b00000)
 ParOldGen       total 40960K, used 4617K [0x00000000c4e00000, 0x00000000c7600000, 0x00000000ec500000)
  object space 40960K, 11% used [0x00000000c4e00000,0x00000000c52825d8,0x00000000c7600000)
 Metaspace       used 13218K, capacity 13842K, committed 13952K, reserved 1060864K
  class space    used 1738K, capacity 1897K, committed 1920K, reserved 1048576K
}

